app/build/intermediates/manifest_merge_blame_file/debug/manifest-merger-blame-debug-report.txt
1<?xml version="1.0" encoding="utf-8"?>
2<manifest xmlns:android="http://schemas.android.com/apk/res/android"
3    package="alexus.studio.skauti"
4    android:versionCode="8"
5    android:versionName="2.3.5" >
6
7    <uses-sdk
8        android:minSdkVersion="26"
9        android:targetSdkVersion="34" />
10
11    <uses-permission android:name="android.permission.INTERNET" />
11-->src\main\AndroidManifest.xml:5:5-67
11-->src\main\AndroidManifest.xml:5:22-64
12    <uses-permission android:name="android.permission.ACCESS_NETWORK_STATE" />
12-->src\main\AndroidManifest.xml:6:5-79
12-->src\main\AndroidManifest.xml:6:22-76
13    <uses-permission
13-->src\main\AndroidManifest.xml:7:5-108
14        android:name="android.permission.WRITE_EXTERNAL_STORAGE"
14-->src\main\AndroidManifest.xml:7:22-78
15        android:maxSdkVersion="28" />
15-->src\main\AndroidManifest.xml:7:79-105
16    <uses-permission android:name="android.permission.ACCESS_FINE_LOCATION" />
16-->src\main\AndroidManifest.xml:8:5-78
16-->src\main\AndroidManifest.xml:8:22-76
17    <uses-permission android:name="android.permission.ACCESS_COARSE_LOCATION" />
17-->src\main\AndroidManifest.xml:9:5-80
17-->src\main\AndroidManifest.xml:9:22-78
18    <uses-permission android:name="android.permission.POST_NOTIFICATIONS" />
18-->[com.google.firebase:firebase-messaging:23.4.0] AndroidManifest.xml:23:5-77
18-->[com.google.firebase:firebase-messaging:23.4.0] AndroidManifest.xml:23:22-74
19    <uses-permission android:name="android.permission.WAKE_LOCK" /> <!-- Required by older versions of Google Play services to create IID tokens -->
19-->[com.google.firebase:firebase-messaging:23.4.0] AndroidManifest.xml:24:5-68
19-->[com.google.firebase:firebase-messaging:23.4.0] AndroidManifest.xml:24:22-65
20    <uses-permission android:name="com.google.android.c2dm.permission.RECEIVE" />
20-->[com.google.firebase:firebase-messaging:23.4.0] AndroidManifest.xml:26:5-82
20-->[com.google.firebase:firebase-messaging:23.4.0] AndroidManifest.xml:26:22-79
21    <uses-permission android:name="com.google.android.gms.permission.AD_ID" />
21-->[com.google.android.gms:play-services-measurement-api:21.5.0] AndroidManifest.xml:25:5-79
21-->[com.google.android.gms:play-services-measurement-api:21.5.0] AndroidManifest.xml:25:22-76
22    <uses-permission android:name="android.permission.ACCESS_ADSERVICES_ATTRIBUTION" />
22-->[com.google.android.gms:play-services-measurement-api:21.5.0] AndroidManifest.xml:26:5-88
22-->[com.google.android.gms:play-services-measurement-api:21.5.0] AndroidManifest.xml:26:22-85
23    <uses-permission android:name="android.permission.ACCESS_ADSERVICES_AD_ID" />
23-->[com.google.android.gms:play-services-measurement-api:21.5.0] AndroidManifest.xml:27:5-82
23-->[com.google.android.gms:play-services-measurement-api:21.5.0] AndroidManifest.xml:27:22-79
24    <uses-permission android:name="com.google.android.finsky.permission.BIND_GET_INSTALL_REFERRER_SERVICE" />
24-->[com.google.android.gms:play-services-measurement:21.5.0] AndroidManifest.xml:26:5-110
24-->[com.google.android.gms:play-services-measurement:21.5.0] AndroidManifest.xml:26:22-107
25    <uses-permission android:name="com.google.android.providers.gsf.permission.READ_GSERVICES" />
25-->[com.google.android.recaptcha:recaptcha:18.4.0] AndroidManifest.xml:9:5-98
25-->[com.google.android.recaptcha:recaptcha:18.4.0] AndroidManifest.xml:9:22-95
26
27    <permission
27-->[androidx.core:core:1.12.0] AndroidManifest.xml:22:5-24:47
28        android:name="alexus.studio.skauti.DYNAMIC_RECEIVER_NOT_EXPORTED_PERMISSION"
28-->[androidx.core:core:1.12.0] AndroidManifest.xml:23:9-81
29        android:protectionLevel="signature" />
29-->[androidx.core:core:1.12.0] AndroidManifest.xml:24:9-44
30
31    <uses-permission android:name="alexus.studio.skauti.DYNAMIC_RECEIVER_NOT_EXPORTED_PERMISSION" />
31-->[androidx.core:core:1.12.0] AndroidManifest.xml:26:5-97
31-->[androidx.core:core:1.12.0] AndroidManifest.xml:26:22-94
32
33    <supports-screens
33-->[org.osmdroid:osmdroid-android:6.1.18] AndroidManifest.xml:9:5-12:40
34        android:anyDensity="true"
34-->[org.osmdroid:osmdroid-android:6.1.18] AndroidManifest.xml:10:9-34
35        android:largeScreens="true"
35-->[org.osmdroid:osmdroid-android:6.1.18] AndroidManifest.xml:11:9-36
36        android:normalScreens="true" />
36-->[org.osmdroid:osmdroid-android:6.1.18] AndroidManifest.xml:12:9-37
37
38    <uses-feature
38-->[org.osmdroid:osmdroid-android:6.1.18] AndroidManifest.xml:14:5-16:36
39        android:name="android.hardware.location.network"
39-->[org.osmdroid:osmdroid-android:6.1.18] AndroidManifest.xml:15:9-57
40        android:required="false" />
40-->[org.osmdroid:osmdroid-android:6.1.18] AndroidManifest.xml:16:9-33
41    <uses-feature
41-->[org.osmdroid:osmdroid-android:6.1.18] AndroidManifest.xml:17:5-19:36
42        android:name="android.hardware.location.gps"
42-->[org.osmdroid:osmdroid-android:6.1.18] AndroidManifest.xml:18:9-53
43        android:required="false" />
43-->[org.osmdroid:osmdroid-android:6.1.18] AndroidManifest.xml:19:9-33
44    <uses-feature
44-->[org.osmdroid:osmdroid-android:6.1.18] AndroidManifest.xml:20:5-22:36
45        android:name="android.hardware.telephony"
45-->[org.osmdroid:osmdroid-android:6.1.18] AndroidManifest.xml:21:9-50
46        android:required="false" />
46-->[org.osmdroid:osmdroid-android:6.1.18] AndroidManifest.xml:22:9-33
47    <uses-feature
47-->[org.osmdroid:osmdroid-android:6.1.18] AndroidManifest.xml:23:5-25:36
48        android:name="android.hardware.wifi"
48-->[org.osmdroid:osmdroid-android:6.1.18] AndroidManifest.xml:24:9-45
49        android:required="false" /> <!-- <uses-permission android:name="android.permission.POST_NOTIFICATIONS"/> -->
49-->[org.osmdroid:osmdroid-android:6.1.18] AndroidManifest.xml:25:9-33
50    <!-- <uses-permission android:name="android.permission.FOREGROUND_SERVICE"/> -->
51    <!-- <uses-permission android:name="android.permission.FOREGROUND_SERVICE_DATA_SYNC"/> -->
52    <application
52-->src\main\AndroidManifest.xml:14:5-50:19
53        android:name="alexus.studio.skauti.SkautiApplication"
53-->src\main\AndroidManifest.xml:15:9-42
54        android:allowBackup="true"
54-->src\main\AndroidManifest.xml:16:9-35
55        android:appComponentFactory="androidx.core.app.CoreComponentFactory"
55-->[androidx.core:core:1.12.0] AndroidManifest.xml:28:18-86
56        android:dataExtractionRules="@xml/data_extraction_rules"
56-->src\main\AndroidManifest.xml:17:9-65
57        android:debuggable="true"
58        android:extractNativeLibs="false"
59        android:fullBackupContent="@xml/backup_rules"
59-->src\main\AndroidManifest.xml:18:9-54
60        android:icon="@mipmap/ic_launcher"
60-->src\main\AndroidManifest.xml:19:9-43
61        android:label="@string/app_name"
61-->src\main\AndroidManifest.xml:20:9-41
62        android:roundIcon="@mipmap/ic_launcher_round"
62-->src\main\AndroidManifest.xml:21:9-54
63        android:supportsRtl="true"
63-->src\main\AndroidManifest.xml:22:9-35
64        android:testOnly="true"
65        android:theme="@style/Theme.Skauti" >
65-->src\main\AndroidManifest.xml:23:9-44
66
67        <!--
68        <service
69            android:name=".utils.NotificationService"
70            android:exported="false">
71            <intent-filter>
72                <action android:name="com.google.firebase.MESSAGING_EVENT" />
73            </intent-filter>
74        </service>
75        -->
76
77
78        <!--
79             <service 
80            android:name=".services.BackgroundService" 
81            android:enabled="true"
82            android:exported="false"
83            android:foregroundServiceType="dataSync"/>
84        -->
85
86        <activity
86-->src\main\AndroidManifest.xml:40:9-49:20
87            android:name="alexus.studio.skauti.MainActivity"
87-->src\main\AndroidManifest.xml:41:13-41
88            android:exported="true"
88-->src\main\AndroidManifest.xml:42:13-36
89            android:label="@string/app_name"
89-->src\main\AndroidManifest.xml:43:13-45
90            android:theme="@style/Theme.Skauti" >
90-->src\main\AndroidManifest.xml:44:13-48
91            <intent-filter>
91-->src\main\AndroidManifest.xml:45:13-48:29
92                <action android:name="android.intent.action.MAIN" />
92-->src\main\AndroidManifest.xml:46:17-69
92-->src\main\AndroidManifest.xml:46:25-66
93
94                <category android:name="android.intent.category.LAUNCHER" />
94-->src\main\AndroidManifest.xml:47:17-77
94-->src\main\AndroidManifest.xml:47:27-74
95            </intent-filter>
96        </activity>
97
98        <service
98-->[com.google.firebase:firebase-database-ktx:20.3.0] AndroidManifest.xml:9:9-15:19
99            android:name="com.google.firebase.components.ComponentDiscoveryService"
99-->[com.google.firebase:firebase-database-ktx:20.3.0] AndroidManifest.xml:10:13-84
100            android:directBootAware="true"
100-->[com.google.firebase:firebase-common:20.4.2] AndroidManifest.xml:32:13-43
101            android:exported="false" >
101-->[com.google.firebase:firebase-database-ktx:20.3.0] AndroidManifest.xml:11:13-37
102            <meta-data
102-->[com.google.firebase:firebase-database-ktx:20.3.0] AndroidManifest.xml:12:13-14:85
103                android:name="com.google.firebase.components:com.google.firebase.database.ktx.FirebaseDatabaseLegacyRegistrar"
103-->[com.google.firebase:firebase-database-ktx:20.3.0] AndroidManifest.xml:13:17-127
104                android:value="com.google.firebase.components.ComponentRegistrar" />
104-->[com.google.firebase:firebase-database-ktx:20.3.0] AndroidManifest.xml:14:17-82
105            <meta-data
105-->[com.google.firebase:firebase-analytics-ktx:21.5.0] AndroidManifest.xml:11:13-13:85
106                android:name="com.google.firebase.components:com.google.firebase.analytics.ktx.FirebaseAnalyticsLegacyRegistrar"
106-->[com.google.firebase:firebase-analytics-ktx:21.5.0] AndroidManifest.xml:12:17-129
107                android:value="com.google.firebase.components.ComponentRegistrar" />
107-->[com.google.firebase:firebase-analytics-ktx:21.5.0] AndroidManifest.xml:13:17-82
108            <meta-data
108-->[com.google.firebase:firebase-messaging:23.4.0] AndroidManifest.xml:57:13-59:85
109                android:name="com.google.firebase.components:com.google.firebase.messaging.FirebaseMessagingKtxRegistrar"
109-->[com.google.firebase:firebase-messaging:23.4.0] AndroidManifest.xml:58:17-122
110                android:value="com.google.firebase.components.ComponentRegistrar" />
110-->[com.google.firebase:firebase-messaging:23.4.0] AndroidManifest.xml:59:17-82
111            <meta-data
111-->[com.google.firebase:firebase-messaging:23.4.0] AndroidManifest.xml:60:13-62:85
112                android:name="com.google.firebase.components:com.google.firebase.messaging.FirebaseMessagingRegistrar"
112-->[com.google.firebase:firebase-messaging:23.4.0] AndroidManifest.xml:61:17-119
113                android:value="com.google.firebase.components.ComponentRegistrar" />
113-->[com.google.firebase:firebase-messaging:23.4.0] AndroidManifest.xml:62:17-82
114            <meta-data
114-->[com.google.firebase:firebase-auth-ktx:22.3.1] AndroidManifest.xml:11:13-13:85
115                android:name="com.google.firebase.components:com.google.firebase.auth.ktx.FirebaseAuthLegacyRegistrar"
115-->[com.google.firebase:firebase-auth-ktx:22.3.1] AndroidManifest.xml:12:17-119
116                android:value="com.google.firebase.components.ComponentRegistrar" />
116-->[com.google.firebase:firebase-auth-ktx:22.3.1] AndroidManifest.xml:13:17-82
117            <meta-data
117-->[com.google.firebase:firebase-database:20.3.0] AndroidManifest.xml:29:13-31:85
118                android:name="com.google.firebase.components:com.google.firebase.database.FirebaseDatabaseKtxRegistrar"
118-->[com.google.firebase:firebase-database:20.3.0] AndroidManifest.xml:30:17-120
119                android:value="com.google.firebase.components.ComponentRegistrar" />
119-->[com.google.firebase:firebase-database:20.3.0] AndroidManifest.xml:31:17-82
120            <meta-data
120-->[com.google.firebase:firebase-database:20.3.0] AndroidManifest.xml:32:13-34:85
121                android:name="com.google.firebase.components:com.google.firebase.database.DatabaseRegistrar"
121-->[com.google.firebase:firebase-database:20.3.0] AndroidManifest.xml:33:17-109
122                android:value="com.google.firebase.components.ComponentRegistrar" />
122-->[com.google.firebase:firebase-database:20.3.0] AndroidManifest.xml:34:17-82
123            <meta-data
123-->[com.google.android.gms:play-services-measurement-api:21.5.0] AndroidManifest.xml:37:13-39:85
124                android:name="com.google.firebase.components:com.google.firebase.analytics.connector.internal.AnalyticsConnectorRegistrar"
124-->[com.google.android.gms:play-services-measurement-api:21.5.0] AndroidManifest.xml:38:17-139
125                android:value="com.google.firebase.components.ComponentRegistrar" />
125-->[com.google.android.gms:play-services-measurement-api:21.5.0] AndroidManifest.xml:39:17-82
126            <meta-data
126-->[com.google.firebase:firebase-installations:17.2.0] AndroidManifest.xml:15:13-17:85
127                android:name="com.google.firebase.components:com.google.firebase.installations.FirebaseInstallationsKtxRegistrar"
127-->[com.google.firebase:firebase-installations:17.2.0] AndroidManifest.xml:16:17-130
128                android:value="com.google.firebase.components.ComponentRegistrar" />
128-->[com.google.firebase:firebase-installations:17.2.0] AndroidManifest.xml:17:17-82
129            <meta-data
129-->[com.google.firebase:firebase-installations:17.2.0] AndroidManifest.xml:18:13-20:85
130                android:name="com.google.firebase.components:com.google.firebase.installations.FirebaseInstallationsRegistrar"
130-->[com.google.firebase:firebase-installations:17.2.0] AndroidManifest.xml:19:17-127
131                android:value="com.google.firebase.components.ComponentRegistrar" />
131-->[com.google.firebase:firebase-installations:17.2.0] AndroidManifest.xml:20:17-82
132            <meta-data
132-->[com.google.firebase:firebase-auth:22.3.1] AndroidManifest.xml:69:13-71:85
133                android:name="com.google.firebase.components:com.google.firebase.auth.FirebaseAuthRegistrar"
133-->[com.google.firebase:firebase-auth:22.3.1] AndroidManifest.xml:70:17-109
134                android:value="com.google.firebase.components.ComponentRegistrar" />
134-->[com.google.firebase:firebase-auth:22.3.1] AndroidManifest.xml:71:17-82
135            <meta-data
135-->[com.google.firebase:firebase-common-ktx:20.4.2] AndroidManifest.xml:12:13-14:85
136                android:name="com.google.firebase.components:com.google.firebase.ktx.FirebaseCommonLegacyRegistrar"
136-->[com.google.firebase:firebase-common-ktx:20.4.2] AndroidManifest.xml:13:17-116
137                android:value="com.google.firebase.components.ComponentRegistrar" />
137-->[com.google.firebase:firebase-common-ktx:20.4.2] AndroidManifest.xml:14:17-82
138            <meta-data
138-->[com.google.firebase:firebase-common:20.4.2] AndroidManifest.xml:35:13-37:85
139                android:name="com.google.firebase.components:com.google.firebase.FirebaseCommonKtxRegistrar"
139-->[com.google.firebase:firebase-common:20.4.2] AndroidManifest.xml:36:17-109
140                android:value="com.google.firebase.components.ComponentRegistrar" />
140-->[com.google.firebase:firebase-common:20.4.2] AndroidManifest.xml:37:17-82
141            <meta-data
141-->[com.google.firebase:firebase-datatransport:18.1.7] AndroidManifest.xml:27:13-29:85
142                android:name="com.google.firebase.components:com.google.firebase.datatransport.TransportRegistrar"
142-->[com.google.firebase:firebase-datatransport:18.1.7] AndroidManifest.xml:28:17-115
143                android:value="com.google.firebase.components.ComponentRegistrar" />
143-->[com.google.firebase:firebase-datatransport:18.1.7] AndroidManifest.xml:29:17-82
144        </service>
145
146        <receiver
146-->[com.google.firebase:firebase-messaging:23.4.0] AndroidManifest.xml:29:9-40:20
147            android:name="com.google.firebase.iid.FirebaseInstanceIdReceiver"
147-->[com.google.firebase:firebase-messaging:23.4.0] AndroidManifest.xml:30:13-78
148            android:exported="true"
148-->[com.google.firebase:firebase-messaging:23.4.0] AndroidManifest.xml:31:13-36
149            android:permission="com.google.android.c2dm.permission.SEND" >
149-->[com.google.firebase:firebase-messaging:23.4.0] AndroidManifest.xml:32:13-73
150            <intent-filter>
150-->[com.google.firebase:firebase-messaging:23.4.0] AndroidManifest.xml:33:13-35:29
151                <action android:name="com.google.android.c2dm.intent.RECEIVE" />
151-->[com.google.firebase:firebase-messaging:23.4.0] AndroidManifest.xml:34:17-81
151-->[com.google.firebase:firebase-messaging:23.4.0] AndroidManifest.xml:34:25-78
152            </intent-filter>
153
154            <meta-data
154-->[com.google.firebase:firebase-messaging:23.4.0] AndroidManifest.xml:37:13-39:40
155                android:name="com.google.android.gms.cloudmessaging.FINISHED_AFTER_HANDLED"
155-->[com.google.firebase:firebase-messaging:23.4.0] AndroidManifest.xml:38:17-92
156                android:value="true" />
156-->[com.google.firebase:firebase-messaging:23.4.0] AndroidManifest.xml:39:17-37
157        </receiver>
158        <!--
159             FirebaseMessagingService performs security checks at runtime,
160             but set to not exported to explicitly avoid allowing another app to call it.
161        -->
162        <service
162-->[com.google.firebase:firebase-messaging:23.4.0] AndroidManifest.xml:46:9-53:19
163            android:name="com.google.firebase.messaging.FirebaseMessagingService"
163-->[com.google.firebase:firebase-messaging:23.4.0] AndroidManifest.xml:47:13-82
164            android:directBootAware="true"
164-->[com.google.firebase:firebase-messaging:23.4.0] AndroidManifest.xml:48:13-43
165            android:exported="false" >
165-->[com.google.firebase:firebase-messaging:23.4.0] AndroidManifest.xml:49:13-37
166            <intent-filter android:priority="-500" >
166-->[com.google.firebase:firebase-messaging:23.4.0] AndroidManifest.xml:50:13-52:29
166-->[com.google.firebase:firebase-messaging:23.4.0] AndroidManifest.xml:50:28-51
167                <action android:name="com.google.firebase.MESSAGING_EVENT" />
167-->[com.google.firebase:firebase-messaging:23.4.0] AndroidManifest.xml:51:17-78
167-->[com.google.firebase:firebase-messaging:23.4.0] AndroidManifest.xml:51:25-75
168            </intent-filter>
169        </service>
170
171        <property
171-->[com.google.android.gms:play-services-measurement-api:21.5.0] AndroidManifest.xml:30:9-32:61
172            android:name="android.adservices.AD_SERVICES_CONFIG"
172-->[com.google.android.gms:play-services-measurement-api:21.5.0] AndroidManifest.xml:31:13-65
173            android:resource="@xml/ga_ad_services_config" />
173-->[com.google.android.gms:play-services-measurement-api:21.5.0] AndroidManifest.xml:32:13-58
174
175        <activity
175-->[com.google.firebase:firebase-auth:22.3.1] AndroidManifest.xml:29:9-46:20
176            android:name="com.google.firebase.auth.internal.GenericIdpActivity"
176-->[com.google.firebase:firebase-auth:22.3.1] AndroidManifest.xml:30:13-80
177            android:excludeFromRecents="true"
177-->[com.google.firebase:firebase-auth:22.3.1] AndroidManifest.xml:31:13-46
178            android:exported="true"
178-->[com.google.firebase:firebase-auth:22.3.1] AndroidManifest.xml:32:13-36
179            android:launchMode="singleTask"
179-->[com.google.firebase:firebase-auth:22.3.1] AndroidManifest.xml:33:13-44
180            android:theme="@android:style/Theme.Translucent.NoTitleBar" >
180-->[com.google.firebase:firebase-auth:22.3.1] AndroidManifest.xml:34:13-72
181            <intent-filter>
181-->[com.google.firebase:firebase-auth:22.3.1] AndroidManifest.xml:35:13-45:29
182                <action android:name="android.intent.action.VIEW" />
182-->[com.google.firebase:firebase-auth:22.3.1] AndroidManifest.xml:36:17-69
182-->[com.google.firebase:firebase-auth:22.3.1] AndroidManifest.xml:36:25-66
183
184                <category android:name="android.intent.category.DEFAULT" />
184-->[com.google.firebase:firebase-auth:22.3.1] AndroidManifest.xml:38:17-76
184-->[com.google.firebase:firebase-auth:22.3.1] AndroidManifest.xml:38:27-73
185                <category android:name="android.intent.category.BROWSABLE" />
185-->[com.google.firebase:firebase-auth:22.3.1] AndroidManifest.xml:39:17-78
185-->[com.google.firebase:firebase-auth:22.3.1] AndroidManifest.xml:39:27-75
186
187                <data
187-->[com.google.firebase:firebase-auth:22.3.1] AndroidManifest.xml:41:17-44:51
188                    android:host="firebase.auth"
188-->[com.google.firebase:firebase-auth:22.3.1] AndroidManifest.xml:42:21-49
189                    android:path="/"
189-->[com.google.firebase:firebase-auth:22.3.1] AndroidManifest.xml:43:21-37
190                    android:scheme="genericidp" />
190-->[com.google.firebase:firebase-auth:22.3.1] AndroidManifest.xml:44:21-48
191            </intent-filter>
192        </activity>
193        <activity
193-->[com.google.firebase:firebase-auth:22.3.1] AndroidManifest.xml:47:9-64:20
194            android:name="com.google.firebase.auth.internal.RecaptchaActivity"
194-->[com.google.firebase:firebase-auth:22.3.1] AndroidManifest.xml:48:13-79
195            android:excludeFromRecents="true"
195-->[com.google.firebase:firebase-auth:22.3.1] AndroidManifest.xml:49:13-46
196            android:exported="true"
196-->[com.google.firebase:firebase-auth:22.3.1] AndroidManifest.xml:50:13-36
197            android:launchMode="singleTask"
197-->[com.google.firebase:firebase-auth:22.3.1] AndroidManifest.xml:51:13-44
198            android:theme="@android:style/Theme.Translucent.NoTitleBar" >
198-->[com.google.firebase:firebase-auth:22.3.1] AndroidManifest.xml:52:13-72
199            <intent-filter>
199-->[com.google.firebase:firebase-auth:22.3.1] AndroidManifest.xml:53:13-63:29
200                <action android:name="android.intent.action.VIEW" />
200-->[com.google.firebase:firebase-auth:22.3.1] AndroidManifest.xml:36:17-69
200-->[com.google.firebase:firebase-auth:22.3.1] AndroidManifest.xml:36:25-66
201
202                <category android:name="android.intent.category.DEFAULT" />
202-->[com.google.firebase:firebase-auth:22.3.1] AndroidManifest.xml:38:17-76
202-->[com.google.firebase:firebase-auth:22.3.1] AndroidManifest.xml:38:27-73
203                <category android:name="android.intent.category.BROWSABLE" />
203-->[com.google.firebase:firebase-auth:22.3.1] AndroidManifest.xml:39:17-78
203-->[com.google.firebase:firebase-auth:22.3.1] AndroidManifest.xml:39:27-75
204
205                <data
205-->[com.google.firebase:firebase-auth:22.3.1] AndroidManifest.xml:41:17-44:51
206                    android:host="firebase.auth"
206-->[com.google.firebase:firebase-auth:22.3.1] AndroidManifest.xml:42:21-49
207                    android:path="/"
207-->[com.google.firebase:firebase-auth:22.3.1] AndroidManifest.xml:43:21-37
208                    android:scheme="recaptcha" />
208-->[com.google.firebase:firebase-auth:22.3.1] AndroidManifest.xml:44:21-48
209            </intent-filter>
210        </activity>
211
212        <provider
212-->[com.google.firebase:firebase-common:20.4.2] AndroidManifest.xml:23:9-28:39
213            android:name="com.google.firebase.provider.FirebaseInitProvider"
213-->[com.google.firebase:firebase-common:20.4.2] AndroidManifest.xml:24:13-77
214            android:authorities="alexus.studio.skauti.firebaseinitprovider"
214-->[com.google.firebase:firebase-common:20.4.2] AndroidManifest.xml:25:13-72
215            android:directBootAware="true"
215-->[com.google.firebase:firebase-common:20.4.2] AndroidManifest.xml:26:13-43
216            android:exported="false"
216-->[com.google.firebase:firebase-common:20.4.2] AndroidManifest.xml:27:13-37
217            android:initOrder="100" />
217-->[com.google.firebase:firebase-common:20.4.2] AndroidManifest.xml:28:13-36
218
219        <receiver
219-->[com.google.android.gms:play-services-measurement:21.5.0] AndroidManifest.xml:29:9-33:20
220            android:name="com.google.android.gms.measurement.AppMeasurementReceiver"
220-->[com.google.android.gms:play-services-measurement:21.5.0] AndroidManifest.xml:30:13-85
221            android:enabled="true"
221-->[com.google.android.gms:play-services-measurement:21.5.0] AndroidManifest.xml:31:13-35
222            android:exported="false" >
222-->[com.google.android.gms:play-services-measurement:21.5.0] AndroidManifest.xml:32:13-37
223        </receiver>
224
225        <service
225-->[com.google.android.gms:play-services-measurement:21.5.0] AndroidManifest.xml:35:9-38:40
226            android:name="com.google.android.gms.measurement.AppMeasurementService"
226-->[com.google.android.gms:play-services-measurement:21.5.0] AndroidManifest.xml:36:13-84
227            android:enabled="true"
227-->[com.google.android.gms:play-services-measurement:21.5.0] AndroidManifest.xml:37:13-35
228            android:exported="false" />
228-->[com.google.android.gms:play-services-measurement:21.5.0] AndroidManifest.xml:38:13-37
229        <service
229-->[com.google.android.gms:play-services-measurement:21.5.0] AndroidManifest.xml:39:9-43:72
230            android:name="com.google.android.gms.measurement.AppMeasurementJobService"
230-->[com.google.android.gms:play-services-measurement:21.5.0] AndroidManifest.xml:40:13-87
231            android:enabled="true"
231-->[com.google.android.gms:play-services-measurement:21.5.0] AndroidManifest.xml:41:13-35
232            android:exported="false"
232-->[com.google.android.gms:play-services-measurement:21.5.0] AndroidManifest.xml:42:13-37
233            android:permission="android.permission.BIND_JOB_SERVICE" />
233-->[com.google.android.gms:play-services-measurement:21.5.0] AndroidManifest.xml:43:13-69
234
235        <activity
235-->[com.google.android.gms:play-services-base:18.1.0] AndroidManifest.xml:20:9-22:45
236            android:name="com.google.android.gms.common.api.GoogleApiActivity"
236-->[com.google.android.gms:play-services-base:18.1.0] AndroidManifest.xml:20:19-85
237            android:exported="false"
237-->[com.google.android.gms:play-services-base:18.1.0] AndroidManifest.xml:22:19-43
238            android:theme="@android:style/Theme.Translucent.NoTitleBar" />
238-->[com.google.android.gms:play-services-base:18.1.0] AndroidManifest.xml:21:19-78
239        <activity
239-->[androidx.compose.ui:ui-tooling-android:1.5.4] AndroidManifest.xml:23:9-25:39
240            android:name="androidx.compose.ui.tooling.PreviewActivity"
240-->[androidx.compose.ui:ui-tooling-android:1.5.4] AndroidManifest.xml:24:13-71
241            android:exported="true" />
241-->[androidx.compose.ui:ui-tooling-android:1.5.4] AndroidManifest.xml:25:13-36
242
243        <uses-library
243-->[androidx.privacysandbox.ads:ads-adservices:1.0.0-beta05] AndroidManifest.xml:23:9-25:40
244            android:name="android.ext.adservices"
244-->[androidx.privacysandbox.ads:ads-adservices:1.0.0-beta05] AndroidManifest.xml:24:13-50
245            android:required="false" />
245-->[androidx.privacysandbox.ads:ads-adservices:1.0.0-beta05] AndroidManifest.xml:25:13-37
246
247        <meta-data
247-->[com.google.android.gms:play-services-basement:18.1.0] AndroidManifest.xml:21:9-23:69
248            android:name="com.google.android.gms.version"
248-->[com.google.android.gms:play-services-basement:18.1.0] AndroidManifest.xml:22:13-58
249            android:value="@integer/google_play_services_version" />
249-->[com.google.android.gms:play-services-basement:18.1.0] AndroidManifest.xml:23:13-66
250
251        <provider
251-->[androidx.emoji2:emoji2:1.4.0] AndroidManifest.xml:24:9-32:20
252            android:name="androidx.startup.InitializationProvider"
252-->[androidx.emoji2:emoji2:1.4.0] AndroidManifest.xml:25:13-67
253            android:authorities="alexus.studio.skauti.androidx-startup"
253-->[androidx.emoji2:emoji2:1.4.0] AndroidManifest.xml:26:13-68
254            android:exported="false" >
254-->[androidx.emoji2:emoji2:1.4.0] AndroidManifest.xml:27:13-37
255            <meta-data
255-->[androidx.emoji2:emoji2:1.4.0] AndroidManifest.xml:29:13-31:52
256                android:name="androidx.emoji2.text.EmojiCompatInitializer"
256-->[androidx.emoji2:emoji2:1.4.0] AndroidManifest.xml:30:17-75
257                android:value="androidx.startup" />
257-->[androidx.emoji2:emoji2:1.4.0] AndroidManifest.xml:31:17-49
258            <meta-data
258-->[androidx.lifecycle:lifecycle-process:2.6.2] AndroidManifest.xml:29:13-31:52
259                android:name="androidx.lifecycle.ProcessLifecycleInitializer"
259-->[androidx.lifecycle:lifecycle-process:2.6.2] AndroidManifest.xml:30:17-78
260                android:value="androidx.startup" />
260-->[androidx.lifecycle:lifecycle-process:2.6.2] AndroidManifest.xml:31:17-49
261            <meta-data
261-->[androidx.profileinstaller:profileinstaller:1.3.0] AndroidManifest.xml:29:13-31:52
262                android:name="androidx.profileinstaller.ProfileInstallerInitializer"
262-->[androidx.profileinstaller:profileinstaller:1.3.0] AndroidManifest.xml:30:17-85
263                android:value="androidx.startup" />
263-->[androidx.profileinstaller:profileinstaller:1.3.0] AndroidManifest.xml:31:17-49
264        </provider>
265
266        <activity
266-->[androidx.compose.ui:ui-test-manifest:1.5.4] AndroidManifest.xml:23:9-25:39
267            android:name="androidx.activity.ComponentActivity"
267-->[androidx.compose.ui:ui-test-manifest:1.5.4] AndroidManifest.xml:24:13-63
268            android:exported="true" />